<?xml version="1.0" encoding="utf-8"?><testsuites name="pytest tests"><testsuite name="pytest" errors="0" failures="0" skipped="0" tests="22" time="8.018" timestamp="2026-04-09T22:25:59.503000+00:00" hostname="agent-env-4a0fdcb4-b7c3-466c-96bc-c05c9cd11e61"><testcase classname="backend.tests.test_iteration14_rbac.TestLoginAndUserTypes" name="test_teacher_login_returns_correct_user_type" time="0.381" /><testcase classname="backend.tests.test_iteration14_rbac.TestLoginAndUserTypes" name="test_school_admin_login_returns_correct_user_type" time="0.345" /><testcase classname="backend.tests.test_iteration14_rbac.TestLoginAndUserTypes" name="test_coach_login_returns_correct_user_type" time="0.342" /><testcase classname="backend.tests.test_iteration14_rbac.TestLoginAndUserTypes" name="test_player_login_returns_correct_user_type" time="0.327" /><testcase classname="backend.tests.test_iteration14_rbac.TestLoginAndUserTypes" name="test_parent_login_returns_correct_user_type" time="0.340" /><testcase classname="backend.tests.test_iteration14_rbac.TestLoginAndUserTypes" name="test_principal_login_returns_admin_role" time="0.334" /><testcase classname="backend.tests.test_iteration14_rbac.TestTeacherDashboardAPI" name="test_teacher_dashboard_requires_auth" time="0.144" /><testcase classname="backend.tests.test_iteration14_rbac.TestTeacherDashboardAPI" name="test_teacher_dashboard_returns_data" time="0.430" /><testcase classname="backend.tests.test_iteration14_rbac.TestTeacherDashboardAPI" name="test_teacher_my_students_endpoint" time="0.415" /><testcase classname="backend.tests.test_iteration14_rbac.TestTeacherDashboardAPI" name="test_teacher_my_classes_endpoint" time="0.377" /><testcase classname="backend.tests.test_iteration14_rbac.TestTeacherDashboardAPI" name="test_non_teacher_cannot_access_teacher_dashboard" time="0.389" /><testcase classname="backend.tests.test_iteration14_rbac.TestSchoolAdminDashboardAPIs" name="test_students_api_accessible" time="0.384" /><testcase classname="backend.tests.test_iteration14_rbac.TestSchoolAdminDashboardAPIs" name="test_faculty_api_accessible" time="0.424" /><testcase classname="backend.tests.test_iteration14_rbac.TestSchoolAdminDashboardAPIs" name="test_clubs_api_accessible" time="0.435" /><testcase classname="backend.tests.test_iteration14_rbac.TestInviteFlowRoles" name="test_invite_endpoint_exists" time="0.409" /><testcase classname="backend.tests.test_iteration14_rbac.TestInviteFlowRoles" name="test_teacher_invite_type_supported" time="0.389" /><testcase classname="backend.tests.test_iteration14_rbac.TestInviteFlowRoles" name="test_school_admin_invite_type_supported" time="0.375" /><testcase classname="backend.tests.test_iteration14_rbac.TestRoleBasedNavigation" name="test_teacher_has_teacher_user_type" time="0.331" /><testcase classname="backend.tests.test_iteration14_rbac.TestRoleBasedNavigation" name="test_school_admin_has_school_admin_user_type" time="0.344" /><testcase classname="backend.tests.test_iteration14_rbac.TestRoleBasedNavigation" name="test_player_has_player_user_type" time="0.332" /><testcase classname="backend.tests.test_iteration14_rbac.TestRoleBasedNavigation" name="test_parent_has_parent_user_type" time="0.332" /><testcase classname="backend.tests.test_iteration14_rbac.TestRoleBasedNavigation" name="test_principal_is_not_school_admin" time="0.333" /></testsuite></testsuites>