<?xml version="1.0" encoding="utf-8"?><testsuites name="pytest tests"><testsuite name="pytest" errors="0" failures="0" skipped="0" tests="12" time="5.031" timestamp="2026-04-02T20:33:11.538224+00:00" hostname="agent-env-3d75ab2d-b815-4b14-9357-7971866ab07b"><testcase classname="backend.tests.test_iteration3.TestChangePassword" name="test_change_password_success" time="1.379" /><testcase classname="backend.tests.test_iteration3.TestChangePassword" name="test_login_with_new_password" time="0.372" /><testcase classname="backend.tests.test_iteration3.TestChangePassword" name="test_login_with_old_password_fails" time="0.334" /><testcase classname="backend.tests.test_iteration3.TestChangePassword" name="test_change_password_wrong_current" time="0.675" /><testcase classname="backend.tests.test_iteration3.TestChangePassword" name="test_change_password_too_short" time="0.450" /><testcase classname="backend.tests.test_iteration3.TestChangePassword" name="test_change_password_no_auth" time="0.110" /><testcase classname="backend.tests.test_iteration3.TestOnboardingUser" name="test_coach_user_profile" time="0.116" /><testcase classname="backend.tests.test_iteration3.TestOnboardingUser" name="test_super_admin_no_onboarding_flag" time="0.602" /><testcase classname="backend.tests.test_iteration3.TestOnboardingUser" name="test_patch_onboarding_completed" time="0.556" /><testcase classname="backend.tests.test_iteration3.TestForgotPassword" name="test_forgot_password_existing_email" time="0.120" /><testcase classname="backend.tests.test_iteration3.TestForgotPassword" name="test_forgot_password_unknown_email" time="0.120" /><testcase classname="backend.tests.test_iteration3.TestForgotPassword" name="test_reset_password_invalid_token" time="0.121" /></testsuite></testsuites>