<?xml version="1.0" encoding="utf-8"?><testsuites name="pytest tests"><testsuite name="pytest" errors="0" failures="0" skipped="0" tests="16" time="7.217" timestamp="2026-04-09T20:13:20.379044+00:00" hostname="agent-env-3d10447a-b8c4-445a-8158-96fd802bf7e2"><testcase classname="backend.tests.test_iteration12_analytics_digest.TestAnalyticsEndpoint" name="test_analytics_requires_auth" time="0.220" /><testcase classname="backend.tests.test_iteration12_analytics_digest.TestAnalyticsEndpoint" name="test_analytics_returns_data" time="0.490" /><testcase classname="backend.tests.test_iteration12_analytics_digest.TestAnalyticsEndpoint" name="test_analytics_login_activity_structure" time="0.155" /><testcase classname="backend.tests.test_iteration12_analytics_digest.TestAnalyticsEndpoint" name="test_analytics_message_activity_structure" time="0.174" /><testcase classname="backend.tests.test_iteration12_analytics_digest.TestAnalyticsEndpoint" name="test_analytics_meeting_status_distribution" time="0.132" /><testcase classname="backend.tests.test_iteration12_analytics_digest.TestAnalyticsEndpoint" name="test_analytics_rates_are_numbers" time="0.155" /><testcase classname="backend.tests.test_iteration12_analytics_digest.TestDigestSettingsEndpoint" name="test_digest_settings_requires_auth" time="0.119" /><testcase classname="backend.tests.test_iteration12_analytics_digest.TestDigestSettingsEndpoint" name="test_get_digest_settings" time="0.462" /><testcase classname="backend.tests.test_iteration12_analytics_digest.TestDigestSettingsEndpoint" name="test_update_digest_settings_enable" time="0.114" /><testcase classname="backend.tests.test_iteration12_analytics_digest.TestDigestSettingsEndpoint" name="test_update_digest_settings_disable" time="0.178" /><testcase classname="backend.tests.test_iteration12_analytics_digest.TestDigestSettingsEndpoint" name="test_digest_settings_persist" time="0.213" /><testcase classname="backend.tests.test_iteration12_analytics_digest.TestDigestSendEndpoint" name="test_digest_send_requires_auth" time="0.100" /><testcase classname="backend.tests.test_iteration12_analytics_digest.TestDigestSendEndpoint" name="test_digest_send_now" time="2.417" /><testcase classname="backend.tests.test_iteration12_analytics_digest.TestDigestSettingsValidation" name="test_digest_settings_valid_days" time="1.308" /><testcase classname="backend.tests.test_iteration12_analytics_digest.TestDigestSettingsValidation" name="test_digest_settings_valid_hours" time="0.584" /><testcase classname="backend.tests.test_iteration12_analytics_digest.TestDigestSettingsValidation" name="test_digest_settings_valid_audiences" time="0.301" /></testsuite></testsuites>