<?xml version="1.0" encoding="utf-8"?><testsuites name="pytest tests"><testsuite name="pytest" errors="0" failures="0" skipped="0" tests="17" time="5.394" timestamp="2026-04-09T16:25:17.334752+00:00" hostname="agent-env-3d10447a-b8c4-445a-8158-96fd802bf7e2"><testcase classname="backend.tests.test_iteration8_linkage.TestAuth" name="test_login_success" time="0.363" /><testcase classname="backend.tests.test_iteration8_linkage.TestAuth" name="test_auth_me" time="0.448" /><testcase classname="backend.tests.test_iteration8_linkage.TestMasterSchedule" name="test_get_master_schedule" time="0.483" /><testcase classname="backend.tests.test_iteration8_linkage.TestMasterSchedule" name="test_master_schedule_has_faculty_name" time="0.105" /><testcase classname="backend.tests.test_iteration8_linkage.TestMasterSchedule" name="test_master_schedule_structure" time="0.107" /><testcase classname="backend.tests.test_iteration8_linkage.TestFacultyStudentLinkage" name="test_get_faculty_students_endpoint_exists" time="0.237" /><testcase classname="backend.tests.test_iteration8_linkage.TestFacultyStudentLinkage" name="test_faculty_students_response_structure" time="0.226" /><testcase classname="backend.tests.test_iteration8_linkage.TestFacultyStudentLinkage" name="test_faculty_not_found" time="0.105" /><testcase classname="backend.tests.test_iteration8_linkage.TestGradeWithFacultyId" name="test_create_grade_with_faculty_id" time="0.506" /><testcase classname="backend.tests.test_iteration8_linkage.TestGradeWithFacultyId" name="test_create_grade_without_faculty_id" time="0.360" /><testcase classname="backend.tests.test_iteration8_linkage.TestFacultyLinkageIntegration" name="test_faculty_student_linkage_via_grade" time="0.537" /><testcase classname="backend.tests.test_iteration8_linkage.TestRegressionFacultyCRUD" name="test_list_faculty" time="0.100" /><testcase classname="backend.tests.test_iteration8_linkage.TestRegressionFacultyCRUD" name="test_faculty_stats" time="0.127" /><testcase classname="backend.tests.test_iteration8_linkage.TestRegressionFacultyCRUD" name="test_create_update_delete_faculty" time="0.333" /><testcase classname="backend.tests.test_iteration8_linkage.TestRegressionStudentGrades" name="test_list_students" time="0.119" /><testcase classname="backend.tests.test_iteration8_linkage.TestRegressionStudentGrades" name="test_student_grades_crud" time="0.543" /><testcase classname="backend.tests.test_iteration8_linkage.TestFacultyScheduleCRUD" name="test_faculty_schedule_crud" time="0.598" /></testsuite></testsuites>