<?xml version="1.0" encoding="utf-8"?><testsuites name="pytest tests"><testsuite name="pytest" errors="0" failures="1" skipped="0" tests="30" time="12.353" timestamp="2026-04-09T14:59:46.939429+00:00" hostname="agent-env-3d10447a-b8c4-445a-8158-96fd802bf7e2"><testcase classname="tests.test_iteration6_students.TestHealthAndBasics" name="test_health_endpoint" time="0.169" /><testcase classname="tests.test_iteration6_students.TestHealthAndBasics" name="test_vapid_public_key" time="0.110"><failure message="AssertionError: assert 'public_key' in {'publicKey': 'BMXMLeNeF_R8lXPf6NwjkMoc1NiDZ0s0ZMe4ymyKFyHZLpA1k3AzFIVh41B0N_iWs2dOrjNZYlyXG3dFGDjNexc'}">tests/test_iteration6_students.py:63: in test_vapid_public_key
    assert "public_key" in data
E   AssertionError: assert 'public_key' in {'publicKey': 'BMXMLeNeF_R8lXPf6NwjkMoc1NiDZ0s0ZMe4ymyKFyHZLpA1k3AzFIVh41B0N_iWs2dOrjNZYlyXG3dFGDjNexc'}</failure></testcase><testcase classname="tests.test_iteration6_students.TestAuthEndpoints" name="test_login_success" time="0.335" /><testcase classname="tests.test_iteration6_students.TestAuthEndpoints" name="test_login_invalid_credentials" time="0.133" /><testcase classname="tests.test_iteration6_students.TestAuthEndpoints" name="test_get_me" time="0.461" /><testcase classname="tests.test_iteration6_students.TestAuthEndpoints" name="test_get_me_unauthorized" time="0.113" /><testcase classname="tests.test_iteration6_students.TestAuthEndpoints" name="test_register_duplicate_email" time="0.112" /><testcase classname="tests.test_iteration6_students.TestEntityCRUD" name="test_list_users" time="0.120" /><testcase classname="tests.test_iteration6_students.TestEntityCRUD" name="test_list_teams" time="0.112" /><testcase classname="tests.test_iteration6_students.TestStudentCRUD" name="test_list_students" time="0.108" /><testcase classname="tests.test_iteration6_students.TestStudentCRUD" name="test_create_student" time="0.104" /><testcase classname="tests.test_iteration6_students.TestStudentCRUD" name="test_get_student" time="0.266" /><testcase classname="tests.test_iteration6_students.TestStudentCRUD" name="test_update_student" time="0.497" /><testcase classname="tests.test_iteration6_students.TestStudentCRUD" name="test_delete_student" time="0.352" /><testcase classname="tests.test_iteration6_students.TestStudentGrades" name="test_list_grades" time="0.382" /><testcase classname="tests.test_iteration6_students.TestStudentGrades" name="test_add_grade_and_gpa_calculation" time="0.653" /><testcase classname="tests.test_iteration6_students.TestStudentGrades" name="test_delete_grade_recalculates_gpa" time="0.746" /><testcase classname="tests.test_iteration6_students.TestStudentAttendance" name="test_add_attendance" time="0.466" /><testcase classname="tests.test_iteration6_students.TestStudentAttendance" name="test_list_attendance" time="0.506" /><testcase classname="tests.test_iteration6_students.TestStudentAttendance" name="test_delete_attendance" time="0.438" /><testcase classname="tests.test_iteration6_students.TestStudentAssignments" name="test_add_assignment" time="0.359" /><testcase classname="tests.test_iteration6_students.TestStudentAssignments" name="test_update_assignment" time="0.518" /><testcase classname="tests.test_iteration6_students.TestStudentAssignments" name="test_delete_assignment" time="0.471" /><testcase classname="tests.test_iteration6_students.TestStudentDiscipline" name="test_add_discipline" time="0.373" /><testcase classname="tests.test_iteration6_students.TestStudentDiscipline" name="test_list_discipline" time="0.495" /><testcase classname="tests.test_iteration6_students.TestStudentDiscipline" name="test_delete_discipline" time="0.479" /><testcase classname="tests.test_iteration6_students.TestStudentTranscript" name="test_get_transcript" time="0.684" /><testcase classname="tests.test_iteration6_students.TestStudentStats" name="test_get_stats" time="1.173" /><testcase classname="tests.test_iteration6_students.TestBulkAttendance" name="test_bulk_attendance" time="1.252" /><testcase classname="tests.test_iteration6_students.TestCleanup" name="test_cleanup_test_students" time="0.207" /></testsuite></testsuites>