<?xml version="1.0" encoding="utf-8"?><testsuites name="pytest tests"><testsuite name="pytest" errors="0" failures="0" skipped="0" tests="18" time="2.924" timestamp="2026-04-10T03:42:27.251527+00:00" hostname="agent-env-4a0fdcb4-b7c3-466c-96bc-c05c9cd11e61"><testcase classname="backend.tests.test_iteration16_attendance.TestAttendanceEndpoints" name="test_get_attendance_returns_students_and_records" time="0.457" /><testcase classname="backend.tests.test_iteration16_attendance.TestAttendanceEndpoints" name="test_get_attendance_returns_8_students_for_math_teacher" time="0.052" /><testcase classname="backend.tests.test_iteration16_attendance.TestAttendanceEndpoints" name="test_get_attendance_with_different_date" time="0.054" /><testcase classname="backend.tests.test_iteration16_attendance.TestAttendanceEndpoints" name="test_get_attendance_defaults_to_today" time="0.055" /><testcase classname="backend.tests.test_iteration16_attendance.TestAttendanceEndpoints" name="test_bulk_attendance_creates_records" time="0.121" /><testcase classname="backend.tests.test_iteration16_attendance.TestAttendanceEndpoints" name="test_bulk_attendance_upsert_behavior" time="0.240" /><testcase classname="backend.tests.test_iteration16_attendance.TestAttendanceEndpoints" name="test_bulk_attendance_requires_entries" time="0.048" /><testcase classname="backend.tests.test_iteration16_attendance.TestAttendanceEndpoints" name="test_bulk_attendance_defaults_to_today" time="0.118" /><testcase classname="backend.tests.test_iteration16_attendance.TestAttendanceRBAC" name="test_coach_cannot_access_attendance" time="0.320" /><testcase classname="backend.tests.test_iteration16_attendance.TestAttendanceRBAC" name="test_coach_cannot_submit_bulk_attendance" time="0.048" /><testcase classname="backend.tests.test_iteration16_attendance.TestAttendanceRBAC" name="test_player_cannot_access_attendance" time="0.323" /><testcase classname="backend.tests.test_iteration16_attendance.TestAttendanceRBAC" name="test_player_cannot_submit_bulk_attendance" time="0.055" /><testcase classname="backend.tests.test_iteration16_attendance.TestAttendanceRBAC" name="test_unauthenticated_cannot_access_attendance" time="0.048" /><testcase classname="backend.tests.test_iteration16_attendance.TestRegressionTeacherFeatures" name="test_teacher_dashboard_still_works" time="0.058" /><testcase classname="backend.tests.test_iteration16_attendance.TestRegressionTeacherFeatures" name="test_teacher_students_still_works" time="0.054" /><testcase classname="backend.tests.test_iteration16_attendance.TestRegressionTeacherFeatures" name="test_teacher_gradebook_still_works" time="0.058" /><testcase classname="backend.tests.test_iteration16_attendance.TestRegressionSchoolAdmin" name="test_school_admin_stats_still_works" time="0.365" /><testcase classname="backend.tests.test_iteration16_attendance.TestAttendanceStatusVariations" name="test_all_status_options_work" time="0.345" /></testsuite></testsuites>