<?xml version="1.0" encoding="utf-8"?><testsuites name="pytest tests"><testsuite name="pytest" errors="0" failures="0" skipped="0" tests="22" time="88.422" timestamp="2026-04-09T23:03:10.537860+00:00" hostname="agent-env-4a0fdcb4-b7c3-466c-96bc-c05c9cd11e61"><testcase classname="backend.tests.test_iteration15_gradebook.TestGradebookAuth" name="test_teacher_can_access_gradebook" time="0.512" /><testcase classname="backend.tests.test_iteration15_gradebook.TestGradebookAuth" name="test_coach_cannot_access_gradebook" time="0.437" /><testcase classname="backend.tests.test_iteration15_gradebook.TestGradebookAuth" name="test_player_cannot_access_gradebook" time="0.435" /><testcase classname="backend.tests.test_iteration15_gradebook.TestGradebookGET" name="test_gradebook_returns_students" time="0.446" /><testcase classname="backend.tests.test_iteration15_gradebook.TestGradebookGET" name="test_gradebook_returns_grades" time="0.112" /><testcase classname="backend.tests.test_iteration15_gradebook.TestGradebookGET" name="test_gradebook_returns_subjects" time="0.118" /><testcase classname="backend.tests.test_iteration15_gradebook.TestGradebookGET" name="test_gradebook_returns_assignments" time="0.116" /><testcase classname="backend.tests.test_iteration15_gradebook.TestGradebookGET" name="test_science_teacher_sees_different_data" time="0.500" /><testcase classname="backend.tests.test_iteration15_gradebook.TestGradebookPOST" name="test_create_grade_entry" time="0.600" /><testcase classname="backend.tests.test_iteration15_gradebook.TestGradebookPOST" name="test_create_grade_calculates_letter_grade_A" time="0.135" /><testcase classname="backend.tests.test_iteration15_gradebook.TestGradebookPOST" name="test_create_grade_calculates_letter_grade_F" time="0.120" /><testcase classname="backend.tests.test_iteration15_gradebook.TestGradebookPOST" name="test_create_grade_missing_fields" time="0.125" /><testcase classname="backend.tests.test_iteration15_gradebook.TestGradebookPUT" name="test_update_grade_score" time="0.676" /><testcase classname="backend.tests.test_iteration15_gradebook.TestGradebookPUT" name="test_update_nonexistent_grade" time="0.132" /><testcase classname="backend.tests.test_iteration15_gradebook.TestGradebookDELETE" name="test_delete_grade" time="0.720" /><testcase classname="backend.tests.test_iteration15_gradebook.TestGradebookBulk" name="test_bulk_create_grades" time="0.613" /><testcase classname="backend.tests.test_iteration15_gradebook.TestGradebookBulk" name="test_bulk_missing_subject" time="0.100" /><testcase classname="backend.tests.test_iteration15_gradebook.TestGradebookBulk" name="test_bulk_empty_entries" time="0.110" /><testcase classname="backend.tests.test_iteration15_gradebook.TestTeacherDashboardRegression" name="test_teacher_dashboard_still_works" time="0.508" /><testcase classname="backend.tests.test_iteration15_gradebook.TestTeacherDashboardRegression" name="test_teacher_students_still_works" time="0.108" /><testcase classname="backend.tests.test_iteration15_gradebook.TestSchoolAdminDashboardRegression" name="test_school_admin_stats_still_works" time="0.465" /><testcase classname="backend.tests.test_iteration15_gradebook.TestCleanup" name="test_cleanup_test_grades" time="81.231" /></testsuite></testsuites>