<?xml version="1.0" encoding="utf-8"?><testsuites name="pytest tests"><testsuite name="pytest" errors="0" failures="0" skipped="0" tests="21" time="5.954" timestamp="2026-04-09T18:58:01.893213+00:00" hostname="agent-env-3d10447a-b8c4-445a-8158-96fd802bf7e2"><testcase classname="tests.test_iteration10_clubs.TestRegression" name="test_auth_login" time="0.785" /><testcase classname="tests.test_iteration10_clubs.TestRegression" name="test_auth_me" time="0.108" /><testcase classname="tests.test_iteration10_clubs.TestRegression" name="test_students_list" time="0.105" /><testcase classname="tests.test_iteration10_clubs.TestRegression" name="test_faculty_list" time="0.186" /><testcase classname="tests.test_iteration10_clubs.TestClubsCRUD" name="test_list_clubs" time="0.148" /><testcase classname="tests.test_iteration10_clubs.TestClubsCRUD" name="test_create_club" time="0.113" /><testcase classname="tests.test_iteration10_clubs.TestClubsCRUD" name="test_get_club_by_id" time="0.224" /><testcase classname="tests.test_iteration10_clubs.TestClubsCRUD" name="test_update_club" time="0.329" /><testcase classname="tests.test_iteration10_clubs.TestClubsCRUD" name="test_delete_club" time="0.381" /><testcase classname="tests.test_iteration10_clubs.TestClubStats" name="test_club_stats" time="0.213" /><testcase classname="tests.test_iteration10_clubs.TestClubMemberships" name="test_list_members_empty" time="0.235" /><testcase classname="tests.test_iteration10_clubs.TestClubMemberships" name="test_add_member" time="0.221" /><testcase classname="tests.test_iteration10_clubs.TestClubMemberships" name="test_add_member_duplicate_returns_409" time="0.138" /><testcase classname="tests.test_iteration10_clubs.TestClubMemberships" name="test_update_member_role" time="0.219" /><testcase classname="tests.test_iteration10_clubs.TestClubMemberships" name="test_delete_member" time="0.370" /><testcase classname="tests.test_iteration10_clubs.TestClubEvents" name="test_list_events_empty" time="0.253" /><testcase classname="tests.test_iteration10_clubs.TestClubEvents" name="test_create_event" time="0.142" /><testcase classname="tests.test_iteration10_clubs.TestClubEvents" name="test_delete_event" time="0.254" /><testcase classname="tests.test_iteration10_clubs.TestMeetingEmailNotifications" name="test_create_meeting_triggers_email" time="0.274" /><testcase classname="tests.test_iteration10_clubs.TestMeetingEmailNotifications" name="test_update_meeting_status_triggers_email" time="0.223" /><testcase classname="tests.test_iteration10_clubs.TestMeetingEmailNotifications" name="test_list_meetings" time="0.923" /></testsuite></testsuites>