<?xml version="1.0" encoding="utf-8"?><testsuites name="pytest tests"><testsuite name="pytest" errors="0" failures="0" skipped="0" tests="22" time="7.431" timestamp="2026-04-09T19:53:48.103088+00:00" hostname="agent-env-3d10447a-b8c4-445a-8158-96fd802bf7e2"><testcase classname="backend.tests.test_iteration11_admin_reports.TestAdminReportsAuth" name="test_login_success" time="0.402" /><testcase classname="backend.tests.test_iteration11_admin_reports.TestAnnouncements" name="test_list_announcements" time="0.507" /><testcase classname="backend.tests.test_iteration11_admin_reports.TestAnnouncements" name="test_create_announcement" time="0.151" /><testcase classname="backend.tests.test_iteration11_admin_reports.TestAnnouncements" name="test_create_and_get_announcement" time="0.423" /><testcase classname="backend.tests.test_iteration11_admin_reports.TestAnnouncements" name="test_update_announcement" time="0.367" /><testcase classname="backend.tests.test_iteration11_admin_reports.TestAnnouncements" name="test_delete_announcement" time="0.395" /><testcase classname="backend.tests.test_iteration11_admin_reports.TestCalendar" name="test_list_calendar_events" time="0.463" /><testcase classname="backend.tests.test_iteration11_admin_reports.TestCalendar" name="test_create_calendar_event" time="0.229" /><testcase classname="backend.tests.test_iteration11_admin_reports.TestCalendar" name="test_create_and_verify_calendar_event" time="0.356" /><testcase classname="backend.tests.test_iteration11_admin_reports.TestCalendar" name="test_update_calendar_event" time="0.369" /><testcase classname="backend.tests.test_iteration11_admin_reports.TestCalendar" name="test_delete_calendar_event" time="0.371" /><testcase classname="backend.tests.test_iteration11_admin_reports.TestDocuments" name="test_list_documents" time="0.599" /><testcase classname="backend.tests.test_iteration11_admin_reports.TestDocuments" name="test_create_document_link" time="0.234" /><testcase classname="backend.tests.test_iteration11_admin_reports.TestDocuments" name="test_create_and_verify_document" time="0.367" /><testcase classname="backend.tests.test_iteration11_admin_reports.TestDocuments" name="test_upload_document_file" time="0.702" /><testcase classname="backend.tests.test_iteration11_admin_reports.TestDocuments" name="test_delete_document" time="0.379" /><testcase classname="backend.tests.test_iteration11_admin_reports.TestEnrollmentStats" name="test_get_enrollment_stats" time="0.447" /><testcase classname="backend.tests.test_iteration11_admin_reports.TestEnrollmentStats" name="test_stats_grade_distribution_format" time="0.115" /><testcase classname="backend.tests.test_iteration11_admin_reports.TestUnauthorizedAccess" name="test_announcements_requires_auth" time="0.114" /><testcase classname="backend.tests.test_iteration11_admin_reports.TestUnauthorizedAccess" name="test_calendar_requires_auth" time="0.110" /><testcase classname="backend.tests.test_iteration11_admin_reports.TestUnauthorizedAccess" name="test_documents_requires_auth" time="0.107" /><testcase classname="backend.tests.test_iteration11_admin_reports.TestUnauthorizedAccess" name="test_stats_requires_auth" time="0.115" /></testsuite></testsuites>