<?xml version="1.0" encoding="utf-8"?><testsuites name="pytest tests"><testsuite name="pytest" errors="0" failures="0" skipped="0" tests="30" time="9.721" timestamp="2026-04-09T20:51:34.594132+00:00" hostname="agent-env-3d10447a-b8c4-445a-8158-96fd802bf7e2"><testcase classname="tests.test_iteration13_p3_features.Test2FA" name="test_2fa_status_endpoint" time="0.515" /><testcase classname="tests.test_iteration13_p3_features.Test2FA" name="test_2fa_status_requires_auth" time="0.117" /><testcase classname="tests.test_iteration13_p3_features.Test2FA" name="test_2fa_setup_endpoint" time="0.135" /><testcase classname="tests.test_iteration13_p3_features.Test2FA" name="test_2fa_setup_requires_auth" time="0.142" /><testcase classname="tests.test_iteration13_p3_features.Test2FA" name="test_2fa_verify_setup_invalid_code" time="0.118" /><testcase classname="tests.test_iteration13_p3_features.Test2FA" name="test_2fa_verify_setup_bad_format" time="0.138" /><testcase classname="tests.test_iteration13_p3_features.Test2FA" name="test_2fa_verify_login_missing_params" time="0.115" /><testcase classname="tests.test_iteration13_p3_features.Test2FA" name="test_2fa_verify_login_invalid_token" time="0.101" /><testcase classname="tests.test_iteration13_p3_features.Test2FA" name="test_2fa_disable_requires_code" time="0.115" /><testcase classname="tests.test_iteration13_p3_features.Test2FA" name="test_2fa_disable_invalid_code" time="0.126" /><testcase classname="tests.test_iteration13_p3_features.Test2FAFullFlow" name="test_2fa_full_flow" time="3.398" /><testcase classname="tests.test_iteration13_p3_features.TestDataExport" name="test_export_students" time="0.491" /><testcase classname="tests.test_iteration13_p3_features.TestDataExport" name="test_export_faculty" time="0.132" /><testcase classname="tests.test_iteration13_p3_features.TestDataExport" name="test_export_grades" time="0.116" /><testcase classname="tests.test_iteration13_p3_features.TestDataExport" name="test_export_attendance" time="0.132" /><testcase classname="tests.test_iteration13_p3_features.TestDataExport" name="test_export_clubs" time="0.137" /><testcase classname="tests.test_iteration13_p3_features.TestDataExport" name="test_export_requires_auth" time="0.536" /><testcase classname="tests.test_iteration13_p3_features.TestDataImport" name="test_import_students_valid_csv" time="0.435" /><testcase classname="tests.test_iteration13_p3_features.TestDataImport" name="test_import_faculty_valid_csv" time="0.114" /><testcase classname="tests.test_iteration13_p3_features.TestDataImport" name="test_import_empty_csv" time="0.108" /><testcase classname="tests.test_iteration13_p3_features.TestDataImport" name="test_import_missing_name" time="0.107" /><testcase classname="tests.test_iteration13_p3_features.TestDataImport" name="test_import_requires_auth" time="0.110" /><testcase classname="tests.test_iteration13_p3_features.TestReportCards" name="test_report_card_generation" time="0.461" /><testcase classname="tests.test_iteration13_p3_features.TestReportCards" name="test_report_card_invalid_student" time="0.108" /><testcase classname="tests.test_iteration13_p3_features.TestReportCards" name="test_report_card_requires_auth" time="0.104" /><testcase classname="tests.test_iteration13_p3_features.TestReportCards" name="test_batch_report_cards_list" time="0.113" /><testcase classname="tests.test_iteration13_p3_features.TestReportCards" name="test_batch_report_cards_filter_grade" time="0.114" /><testcase classname="tests.test_iteration13_p3_features.TestReportCards" name="test_batch_report_cards_requires_auth" time="0.108" /><testcase classname="tests.test_iteration13_p3_features.TestCleanup" name="test_cleanup_imported_students" time="0.826" /><testcase classname="tests.test_iteration13_p3_features.TestCleanup" name="test_cleanup_imported_faculty" time="0.326" /></testsuite></testsuites>