<?xml version="1.0" encoding="utf-8"?><testsuites name="pytest tests"><testsuite name="pytest" errors="0" failures="0" skipped="0" tests="19" time="4.545" timestamp="2026-04-10T04:18:11.992434+00:00" hostname="agent-env-4a0fdcb4-b7c3-466c-96bc-c05c9cd11e61"><testcase classname="backend.tests.test_iteration17_student_portal.TestStudentPortalEndpoint" name="test_student_portal_returns_200" time="0.726" /><testcase classname="backend.tests.test_iteration17_student_portal.TestStudentPortalEndpoint" name="test_student_portal_returns_student_data" time="0.137" /><testcase classname="backend.tests.test_iteration17_student_portal.TestStudentPortalEndpoint" name="test_student_portal_returns_gpa" time="0.164" /><testcase classname="backend.tests.test_iteration17_student_portal.TestStudentPortalEndpoint" name="test_student_portal_returns_grades" time="0.134" /><testcase classname="backend.tests.test_iteration17_student_portal.TestStudentPortalEndpoint" name="test_student_portal_returns_subject_averages" time="0.137" /><testcase classname="backend.tests.test_iteration17_student_portal.TestStudentPortalEndpoint" name="test_student_portal_returns_attendance_summary" time="0.137" /><testcase classname="backend.tests.test_iteration17_student_portal.TestStudentPortalEndpoint" name="test_student_portal_returns_attendance_recent" time="0.138" /><testcase classname="backend.tests.test_iteration17_student_portal.TestStudentPortalEndpoint" name="test_student_portal_returns_schedule" time="0.151" /><testcase classname="backend.tests.test_iteration17_student_portal.TestStudentPortalEndpoint" name="test_student_portal_returns_discipline" time="0.254" /><testcase classname="backend.tests.test_iteration17_student_portal.TestStudentPortalNonStudentAccess" name="test_coach_gets_empty_portal" time="0.489" /><testcase classname="backend.tests.test_iteration17_student_portal.TestStudentPortalNonStudentAccess" name="test_teacher_gets_empty_portal" time="0.493" /><testcase classname="backend.tests.test_iteration17_student_portal.TestStudentPortalNonStudentAccess" name="test_unauthenticated_gets_401" time="0.130" /><testcase classname="backend.tests.test_iteration17_student_portal.TestStudentPortalDataIntegrity" name="test_gpa_calculation_accuracy" time="0.138" /><testcase classname="backend.tests.test_iteration17_student_portal.TestStudentPortalDataIntegrity" name="test_attendance_rate_calculation" time="0.134" /><testcase classname="backend.tests.test_iteration17_student_portal.TestStudentPortalDataIntegrity" name="test_subject_averages_match_grades" time="0.133" /><testcase classname="backend.tests.test_iteration17_student_portal.TestRegressionTeacherDashboard" name="test_teacher_dashboard_still_works" time="0.153" /><testcase classname="backend.tests.test_iteration17_student_portal.TestRegressionTeacherDashboard" name="test_teacher_gradebook_still_works" time="0.154" /><testcase classname="backend.tests.test_iteration17_student_portal.TestRegressionTeacherDashboard" name="test_teacher_attendance_still_works" time="0.134" /><testcase classname="backend.tests.test_iteration17_student_portal.TestRegressionSchoolAdmin" name="test_school_admin_stats_still_works" time="0.493" /></testsuite></testsuites>