<?xml version="1.0" encoding="utf-8"?><testsuites name="pytest tests"><testsuite name="pytest" errors="0" failures="0" skipped="0" tests="24" time="6.508" timestamp="2026-04-09T18:43:23.291220+00:00" hostname="agent-env-3d10447a-b8c4-445a-8158-96fd802bf7e2"><testcase classname="tests.test_iteration9_parent_portal.TestAuth" name="test_login_success" time="0.377" /><testcase classname="tests.test_iteration9_parent_portal.TestAuth" name="test_auth_me" time="0.443" /><testcase classname="tests.test_iteration9_parent_portal.TestParentStudentLinking" name="test_get_my_students" time="0.480" /><testcase classname="tests.test_iteration9_parent_portal.TestParentStudentLinking" name="test_link_student_by_code" time="0.100" /><testcase classname="tests.test_iteration9_parent_portal.TestParentStudentLinking" name="test_link_student_duplicate_returns_409" time="0.100" /><testcase classname="tests.test_iteration9_parent_portal.TestParentStudentLinking" name="test_link_student_invalid_code_returns_404" time="0.102" /><testcase classname="tests.test_iteration9_parent_portal.TestParentStudentLinking" name="test_link_student_missing_params_returns_400" time="0.122" /><testcase classname="tests.test_iteration9_parent_portal.TestProgressReport" name="test_progress_report_returns_student_data" time="0.561" /><testcase classname="tests.test_iteration9_parent_portal.TestProgressReport" name="test_progress_report_returns_semesters" time="0.123" /><testcase classname="tests.test_iteration9_parent_portal.TestProgressReport" name="test_progress_report_returns_attendance" time="0.128" /><testcase classname="tests.test_iteration9_parent_portal.TestProgressReport" name="test_progress_report_returns_assignments" time="0.125" /><testcase classname="tests.test_iteration9_parent_portal.TestProgressReport" name="test_progress_report_returns_discipline" time="0.115" /><testcase classname="tests.test_iteration9_parent_portal.TestProgressReport" name="test_progress_report_invalid_student_returns_404" time="0.111" /><testcase classname="tests.test_iteration9_parent_portal.TestAvailableFaculty" name="test_available_faculty_returns_list" time="0.433" /><testcase classname="tests.test_iteration9_parent_portal.TestAvailableFaculty" name="test_available_faculty_has_required_fields" time="0.114" /><testcase classname="tests.test_iteration9_parent_portal.TestMeetingsCRUD" name="test_list_meetings" time="0.436" /><testcase classname="tests.test_iteration9_parent_portal.TestMeetingsCRUD" name="test_create_meeting" time="0.380" /><testcase classname="tests.test_iteration9_parent_portal.TestMeetingsCRUD" name="test_create_meeting_missing_fields_returns_400" time="0.107" /><testcase classname="tests.test_iteration9_parent_portal.TestMeetingsCRUD" name="test_update_meeting_status" time="0.438" /><testcase classname="tests.test_iteration9_parent_portal.TestMeetingsCRUD" name="test_delete_meeting" time="0.372" /><testcase classname="tests.test_iteration9_parent_portal.TestRegressionStudentsFaculty" name="test_students_list" time="0.443" /><testcase classname="tests.test_iteration9_parent_portal.TestRegressionStudentsFaculty" name="test_faculty_list" time="0.115" /><testcase classname="tests.test_iteration9_parent_portal.TestRegressionStudentsFaculty" name="test_faculty_stats" time="0.117" /><testcase classname="tests.test_iteration9_parent_portal.TestCleanup" name="test_cleanup_test_meetings" time="0.552" /></testsuite></testsuites>