<?xml version="1.0" encoding="utf-8"?><testsuites name="pytest tests"><testsuite name="pytest" errors="0" failures="0" skipped="0" tests="20" time="9.614" timestamp="2026-04-09T16:06:38.879274+00:00" hostname="agent-env-3d10447a-b8c4-445a-8158-96fd802bf7e2"><testcase classname="backend.tests.test_iteration7_faculty.TestAuth" name="test_login_success" time="0.382" /><testcase classname="backend.tests.test_iteration7_faculty.TestAuth" name="test_auth_me" time="0.457" /><testcase classname="backend.tests.test_iteration7_faculty.TestFacultyStats" name="test_get_faculty_stats" time="0.110" /><testcase classname="backend.tests.test_iteration7_faculty.TestFacultyCRUD" name="test_list_faculty" time="0.108" /><testcase classname="backend.tests.test_iteration7_faculty.TestFacultyCRUD" name="test_create_faculty" time="0.109" /><testcase classname="backend.tests.test_iteration7_faculty.TestFacultyCRUD" name="test_get_faculty_member" time="0.366" /><testcase classname="backend.tests.test_iteration7_faculty.TestFacultyCRUD" name="test_update_faculty" time="1.451" /><testcase classname="backend.tests.test_iteration7_faculty.TestFacultyCRUD" name="test_delete_faculty" time="0.491" /><testcase classname="backend.tests.test_iteration7_faculty.TestDepartments" name="test_list_departments" time="0.120" /><testcase classname="backend.tests.test_iteration7_faculty.TestDepartments" name="test_create_department" time="0.121" /><testcase classname="backend.tests.test_iteration7_faculty.TestDepartments" name="test_delete_department" time="0.423" /><testcase classname="backend.tests.test_iteration7_faculty.TestSubjects" name="test_list_subjects" time="0.169" /><testcase classname="backend.tests.test_iteration7_faculty.TestSubjects" name="test_create_subject" time="0.108" /><testcase classname="backend.tests.test_iteration7_faculty.TestSubjects" name="test_delete_subject" time="0.346" /><testcase classname="backend.tests.test_iteration7_faculty.TestClassrooms" name="test_list_classrooms" time="3.120" /><testcase classname="backend.tests.test_iteration7_faculty.TestClassrooms" name="test_create_classroom" time="0.139" /><testcase classname="backend.tests.test_iteration7_faculty.TestClassrooms" name="test_delete_classroom" time="0.335" /><testcase classname="backend.tests.test_iteration7_faculty.TestFacultySchedule" name="test_schedule_crud" time="0.920" /><testcase classname="backend.tests.test_iteration7_faculty.TestMasterSchedule" name="test_get_master_schedule" time="0.106" /><testcase classname="backend.tests.test_iteration7_faculty.TestExistingEndpoints" name="test_students_list" time="0.123" /></testsuite></testsuites>