<?xml version="1.0" encoding="utf-8"?><testsuites name="pytest tests"><testsuite name="pytest" errors="0" failures="0" skipped="0" tests="7" time="3.675" timestamp="2026-04-02T22:11:29.427781+00:00" hostname="agent-env-3d75ab2d-b815-4b14-9357-7971866ab07b"><testcase classname="backend.tests.test_iteration5_presence.TestPresenceRESTEndpoint" name="test_presence_returns_online_users" time="0.634" /><testcase classname="backend.tests.test_iteration5_presence.TestPresenceRESTEndpoint" name="test_presence_requires_auth" time="0.118" /><testcase classname="backend.tests.test_iteration5_presence.TestWebSocketPresence" name="test_presence_init_on_connect" time="0.012" /><testcase classname="backend.tests.test_iteration5_presence.TestWebSocketPresence" name="test_presence_init_includes_own_user_id" time="0.107" /><testcase classname="backend.tests.test_iteration5_presence.TestWebSocketPresence" name="test_user_online_broadcast_to_existing_client" time="0.005" /><testcase classname="backend.tests.test_iteration5_presence.TestWebSocketPresence" name="test_user_offline_broadcast_on_disconnect" time="2.507" /><testcase classname="backend.tests.test_iteration5_presence.TestWebSocketPresence" name="test_presence_after_connect_via_rest" time="0.223" /></testsuite></testsuites>