<?xml version="1.0" encoding="utf-8"?><testsuites name="pytest tests"><testsuite name="pytest" errors="0" failures="0" skipped="0" tests="13" time="2.539" timestamp="2026-04-02T20:49:27.172052+00:00" hostname="agent-env-3d75ab2d-b815-4b14-9357-7971866ab07b"><testcase classname="backend.tests.test_iteration4.TestSuperAdmin" name="test_login_super_admin" time="0.429" /><testcase classname="backend.tests.test_iteration4.TestSuperAdmin" name="test_super_admin_role_and_email" time="0.649" /><testcase classname="backend.tests.test_iteration4.TestPushEndpoints" name="test_vapid_public_key_returns_200" time="0.226" /><testcase classname="backend.tests.test_iteration4.TestPushEndpoints" name="test_vapid_public_key_length" time="0.122" /><testcase classname="backend.tests.test_iteration4.TestPushEndpoints" name="test_push_subscribe_unauthenticated_returns_401" time="0.178" /><testcase classname="backend.tests.test_iteration4.TestPushEndpoints" name="test_push_subscribe_authenticated" time="0.047" /><testcase classname="backend.tests.test_iteration4.TestPushEndpoints" name="test_push_subscribe_missing_fields_returns_400" time="0.047" /><testcase classname="backend.tests.test_iteration4.TestPushEndpoints" name="test_push_delete_subscribe_authenticated" time="0.047" /><testcase classname="backend.tests.test_iteration4.TestPushEndpoints" name="test_push_delete_unauthenticated_returns_401" time="0.120" /><testcase classname="backend.tests.test_iteration4.TestServiceWorker" name="test_sw_js_accessible" time="0.103" /><testcase classname="backend.tests.test_iteration4.TestWebSocket" name="test_ws_invalid_token_closes_4001" time="0.157" /><testcase classname="backend.tests.test_iteration4.TestWebSocket" name="test_ws_valid_token_connects_and_ping" time="0.217" /><testcase classname="backend.tests.test_iteration4.TestMessageBroadcast" name="test_create_message_entity" time="0.118" /></testsuite></testsuites>