<?xml version="1.0" encoding="utf-8"?><testsuites name="pytest tests"><testsuite name="pytest" errors="0" failures="0" skipped="0" tests="29" time="5.833" timestamp="2026-04-02T20:13:32.898826+00:00" hostname="agent-env-3d75ab2d-b815-4b14-9357-7971866ab07b"><testcase classname="backend.tests.test_nxgen.TestAuth" name="test_health" time="0.207" /><testcase classname="backend.tests.test_nxgen.TestAuth" name="test_login_success" time="0.352" /><testcase classname="backend.tests.test_nxgen.TestAuth" name="test_login_wrong_password" time="0.337" /><testcase classname="backend.tests.test_nxgen.TestAuth" name="test_get_me" time="0.485" /><testcase classname="backend.tests.test_nxgen.TestAuth" name="test_get_me_no_token" time="0.101" /><testcase classname="backend.tests.test_nxgen.TestSchool" name="test_create_school" time="0.107" /><testcase classname="backend.tests.test_nxgen.TestSchool" name="test_list_all_schools_function" time="0.143" /><testcase classname="backend.tests.test_nxgen.TestSchool" name="test_filter_school" time="0.158" /><testcase classname="backend.tests.test_nxgen.TestSchool" name="test_get_school_by_id" time="0.114" /><testcase classname="backend.tests.test_nxgen.TestSchool" name="test_delete_school" time="0.257" /><testcase classname="backend.tests.test_nxgen.TestInviteFlow" name="test_send_invite" time="0.108" /><testcase classname="backend.tests.test_nxgen.TestInviteFlow" name="test_get_invite_by_token" time="0.104" /><testcase classname="backend.tests.test_nxgen.TestInviteFlow" name="test_accept_invite" time="0.108" /><testcase classname="backend.tests.test_nxgen.TestInviteFlow" name="test_invite_token_used" time="0.105" /><testcase classname="backend.tests.test_nxgen.TestInviteFlow" name="test_get_team_users" time="0.139" /><testcase classname="backend.tests.test_nxgen.TestInviteFlow" name="test_cleanup_invited_user" time="0.197" /><testcase classname="backend.tests.test_nxgen.TestFunctions" name="test_list_master_teams" time="0.135" /><testcase classname="backend.tests.test_nxgen.TestFunctions" name="test_send_invite_missing_fields" time="0.121" /><testcase classname="backend.tests.test_nxgen.TestRateLimiting" name="test_rate_limit_triggers_429" time="0.739" /><testcase classname="backend.tests.test_nxgen.TestRateLimiting" name="test_rate_limit_correct_password_still_429_when_locked" time="0.685" /><testcase classname="backend.tests.test_nxgen.TestPasswordReset" name="test_forgot_password_valid_email" time="0.105" /><testcase classname="backend.tests.test_nxgen.TestPasswordReset" name="test_forgot_password_nonexistent_email" time="0.113" /><testcase classname="backend.tests.test_nxgen.TestPasswordReset" name="test_forgot_password_missing_email" time="0.092" /><testcase classname="backend.tests.test_nxgen.TestPasswordReset" name="test_reset_password_invalid_token" time="0.122" /><testcase classname="backend.tests.test_nxgen.TestPasswordReset" name="test_reset_password_short_password" time="0.122" /><testcase classname="backend.tests.test_nxgen.TestPasswordReset" name="test_reset_password_missing_fields" time="0.112" /><testcase classname="backend.tests.test_nxgen.TestFileUpload" name="test_upload_image" time="0.132" /><testcase classname="backend.tests.test_nxgen.TestFileUpload" name="test_upload_disallowed_file_type" time="0.108" /><testcase classname="backend.tests.test_nxgen.TestFileUpload" name="test_upload_requires_auth" time="0.126" /></testsuite></testsuites>