<?xml version="1.0" encoding="utf-8"?><testsuites name="pytest tests"><testsuite name="pytest" errors="0" failures="0" skipped="0" tests="18" time="3.778" timestamp="2026-04-02T19:46:31.875219+00:00" hostname="agent-env-3d75ab2d-b815-4b14-9357-7971866ab07b"><testcase classname="backend.tests.test_nxgen.TestAuth" name="test_health" time="0.235" /><testcase classname="backend.tests.test_nxgen.TestAuth" name="test_login_success" time="0.327" /><testcase classname="backend.tests.test_nxgen.TestAuth" name="test_login_wrong_password" time="0.329" /><testcase classname="backend.tests.test_nxgen.TestAuth" name="test_get_me" time="0.489" /><testcase classname="backend.tests.test_nxgen.TestAuth" name="test_get_me_no_token" time="0.151" /><testcase classname="backend.tests.test_nxgen.TestSchool" name="test_create_school" time="0.169" /><testcase classname="backend.tests.test_nxgen.TestSchool" name="test_list_all_schools_function" time="0.113" /><testcase classname="backend.tests.test_nxgen.TestSchool" name="test_filter_school" time="0.168" /><testcase classname="backend.tests.test_nxgen.TestSchool" name="test_get_school_by_id" time="0.160" /><testcase classname="backend.tests.test_nxgen.TestSchool" name="test_delete_school" time="0.258" /><testcase classname="backend.tests.test_nxgen.TestInviteFlow" name="test_send_invite" time="0.108" /><testcase classname="backend.tests.test_nxgen.TestInviteFlow" name="test_get_invite_by_token" time="0.109" /><testcase classname="backend.tests.test_nxgen.TestInviteFlow" name="test_accept_invite" time="0.325" /><testcase classname="backend.tests.test_nxgen.TestInviteFlow" name="test_invite_token_used" time="0.110" /><testcase classname="backend.tests.test_nxgen.TestInviteFlow" name="test_get_team_users" time="0.101" /><testcase classname="backend.tests.test_nxgen.TestInviteFlow" name="test_cleanup_invited_user" time="0.247" /><testcase classname="backend.tests.test_nxgen.TestFunctions" name="test_list_master_teams" time="0.099" /><testcase classname="backend.tests.test_nxgen.TestFunctions" name="test_send_invite_missing_fields" time="0.145" /></testsuite></testsuites>